<?xml version="1.0" encoding="UTF-8"?>
<!-- Generated by org.testng.reporters.JUnitReportReporter -->
<testsuite skipped="0" hostname="Koshal" name="Testpoc.videogameAPI" tests="5" failures="0" timestamp="17 May 2020 09:25:22 GMT" time="5.902" errors="0">
  <testcase name="test_post" time="2.099" classname="Testpoc.videogameAPI"/>
  <testcase name="test_get" time="0.532" classname="Testpoc.videogameAPI"/>
  <testcase name="test_put" time="0.137" classname="Testpoc.videogameAPI"/>
  <testcase name="test_delete" time="3.068" classname="Testpoc.videogameAPI"/>
  <testcase name="test_getAgain" time="0.066" classname="Testpoc.videogameAPI"/>
</testsuite> <!-- Testpoc.videogameAPI -->
