<?xml version="1.0" encoding="UTF-8"?>
<!-- Generated by org.testng.reporters.JUnitReportReporter -->
<testsuite hostname="DESKTOP-BR4SE3P" failures="0" tests="3" name="Testpoc.BankTest" time="15.103" errors="0" timestamp="01 Jun 2020 17:48:48 GMT" skipped="0">
  <testcase classname="Testpoc.BankTest" name="bankLogin" time="8.609"/>
  <testcase classname="Testpoc.BankTest" name="bankTitle" time="0.023"/>
  <testcase classname="Testpoc.BankTest" name="bankLogout" time="6.471"/>
</testsuite> <!-- Testpoc.BankTest -->
