<?xml version="1.0" encoding="UTF-8"?>
<!-- Generated by org.testng.reporters.JUnitReportReporter -->
<testsuite skipped="0" hostname="Koshal" name="Testpoc.waitTest" tests="1" failures="0" timestamp="20 May 2020 19:10:19 GMT" time="18.609" errors="0">
  <testcase name="waittestmethod" time="18.609" classname="Testpoc.waitTest"/>
</testsuite> <!-- Testpoc.waitTest -->
