<?xml version="1.0" encoding="UTF-8"?>
<!-- Generated by org.testng.reporters.JUnitReportReporter -->
<testsuite skipped="0" hostname="Koshal" name="Testpoc.GoogleTest" tests="3" failures="0" timestamp="20 May 2020 02:27:42 GMT" time="20.395" errors="0">
  <testcase name="googleLogo" time="7.685" classname="Testpoc.GoogleTest"/>
  <testcase name="googleApps" time="6.322" classname="Testpoc.GoogleTest"/>
  <testcase name="googleTitle" time="6.388" classname="Testpoc.GoogleTest"/>
</testsuite> <!-- Testpoc.GoogleTest -->
