<?xml version="1.0" encoding="UTF-8"?>
<!-- Generated by org.testng.reporters.JUnitReportReporter -->
<testsuite hostname="DESKTOP-BR4SE3P" failures="0" tests="3" name="Testpoc.BankTest" time="14.558" errors="0" timestamp="01 Jun 2020 18:44:45 GMT" skipped="0">
  <testcase classname="Testpoc.BankTest" name="bankLogout" time="5.475"/>
  <testcase classname="Testpoc.BankTest" name="bankTitle" time="0.013"/>
  <testcase classname="Testpoc.BankTest" name="bankLogin" time="9.070"/>
</testsuite> <!-- Testpoc.BankTest -->
