<?xml version="1.0" encoding="UTF-8"?>
<!-- Generated by org.testng.reporters.JUnitReportReporter -->
<testsuite skipped="0" hostname="Koshal" name="Testpoc.GoogleTest" tests="3" failures="0" timestamp="17 May 2020 19:04:57 GMT" time="26.034" errors="0">
  <testcase name="googleLogo" time="6.376" classname="Testpoc.GoogleTest"/>
  <testcase name="googleApps" time="13.462" classname="Testpoc.GoogleTest"/>
  <testcase name="googleTitle" time="6.196" classname="Testpoc.GoogleTest"/>
</testsuite> <!-- Testpoc.GoogleTest -->
