<?xml version="1.0" encoding="UTF-8"?>
<!-- Generated by org.testng.reporters.JUnitReportReporter -->
<testsuite hostname="DESKTOP-BR4SE3P" failures="0" tests="1" name="Testpoc.TestngAnnotations" time="0.004" errors="0" timestamp="01 Jun 2020 17:20:17 GMT" skipped="0">
  <testcase classname="Testpoc.TestngAnnotations" name="mainTest" time="0.004"/>
</testsuite> <!-- Testpoc.TestngAnnotations -->
