<?xml version="1.0" encoding="UTF-8"?>
<!-- Generated by org.testng.reporters.JUnitReportReporter -->
<testsuite skipped="0" hostname="Koshal" name="Testpoc.TestngAnnotations" tests="1" failures="0" timestamp="17 May 2020 19:04:57 GMT" time="0.001" errors="0">
  <testcase name="mainTest" time="0.001" classname="Testpoc.TestngAnnotations"/>
</testsuite> <!-- Testpoc.TestngAnnotations -->
